<?xml version="1.0" encoding="UTF-8"?>
<!-- Generated by org.testng.reporters.JUnitReportReporter -->
<testsuite hostname="DESKTOP-GUVQNQC" name="example.NewTest" tests="1" failures="0" timestamp="17 Sep 2019 07:04:54 GMT" time="5.297" errors="0">
  <testcase name="testEasy" time="5.297" classname="example.NewTest"/>
</testsuite> <!-- example.NewTest -->
